Using pre-set license
Built from '2020.3/staging' branch; Version is '2020.3.0f1 (c7b5465681fb) revision 13088070'; Using compiler version '192528614'; Build Type 'Release'
OS: 'Windows 10 Home; OS build 19042.985; Version 2009; 64bit' Language: 'en' Physical Memory: 15808 MB
BatchMode: 1, IsHumanControllingUs: 0, StartBugReporterOnCrash: 0, Is64bit: 1, IsPro: 0

 COMMAND LINE ARGUMENTS:
D:\Unity\2020.3.0f1\Editor\Unity.exe
-adb2
-batchMode
-noUpm
-name
AssetImportWorker1
-projectPath
D:/Unity/Projects/AdvancedUnity/HorrorPuzzle
-logFile
Logs/AssetImportWorker1.log
-srvPort
49337
Successfully changed project path to: D:/Unity/Projects/AdvancedUnity/HorrorPuzzle
D:/Unity/Projects/AdvancedUnity/HorrorPuzzle
Using Asset Import Pipeline V2.
Refreshing native plugins compatible for Editor in 130.96 ms, found 0 plugins.
Preloading 0 native plugins for Editor in 0.00 ms.
Initialize engine version: 2020.3.0f1 (c7b5465681fb)
[Subsystems] Discovering subsystems at path D:/Unity/2020.3.0f1/Editor/Data/Resources/UnitySubsystems
[Subsystems] Discovering subsystems at path D:/Unity/Projects/AdvancedUnity/HorrorPuzzle/Assets
GfxDevice: creating device client; threaded=0
Direct3D:
    Version:  Direct3D 11.0 [level 11.1]
    Renderer: NVIDIA GeForce GTX 1650 (ID=0x1f91)
    Vendor:   
    VRAM:     3962 MB
    Driver:   27.21.14.6192
Shader 'Universal Render Pipeline/Particles/Lit': fallback shader 'Universal Render Pipeline/Particles/SimpleLit' not found
Initialize mono
Mono path[0] = 'D:/Unity/2020.3.0f1/Editor/Data/Managed'
Mono path[1] = 'D:/Unity/2020.3.0f1/Editor/Data/MonoBleedingEdge/lib/mono/unityjit'
Mono config path = 'D:/Unity/2020.3.0f1/Editor/Data/MonoBleedingEdge/etc'
Using monoOptions --debugger-agent=transport=dt_socket,embedding=1,server=y,suspend=n,address=127.0.0.1:56328
Begin MonoManager ReloadAssembly
Registering precompiled unity dll's ...
Register platform support module: D:/Unity/2020.3.0f1/Editor/Data/PlaybackEngines/WindowsStandaloneSupport/UnityEditor.WindowsStandalone.Extensions.dll
Registered in 0.004782 seconds.
Native extension for WindowsStandalone target not found
Refreshing native plugins compatible for Editor in 167.85 ms, found 0 plugins.
Preloading 0 native plugins for Editor in 0.00 ms.
Invoked RoslynAnalysisRunner static constructor.
RoslynAnalysisRunner will not be running.
RoslynAnalysisRunner has terminated.
Mono: successfully reloaded assembly
- Completed reload, in  6.438 seconds
Platform modules already initialized, skipping
Registering precompiled user dll's ...
Registered in 0.002193 seconds.
Begin MonoManager ReloadAssembly
Native extension for WindowsStandalone target not found
Refreshing native plugins compatible for Editor in 219.53 ms, found 0 plugins.
Preloading 0 native plugins for Editor in 0.00 ms.
Invoked RoslynAnalysisRunner static constructor.
RoslynAnalysisRunner will not be running.
RoslynAnalysisRunner has terminated.
Mono: successfully reloaded assembly
- Completed reload, in  2.807 seconds
Platform modules already initialized, skipping
========================================================================
Worker process is ready to serve import requests
Shader 'Universal Render Pipeline/Particles/Lit': fallback shader 'Universal Render Pipeline/Particles/SimpleLit' not found
Launched and connected shader compiler UnityShaderCompiler.exe after 0.13 seconds
Refreshing native plugins compatible for Editor in 1.51 ms, found 0 plugins.
Preloading 0 native plugins for Editor in 0.00 ms.
Unloading 2506 Unused Serialized files (Serialized files now loaded: 0)
System memory in use before: 193.0 MB.
System memory in use after: 192.9 MB.

Unloading 17 unused Assets to reduce memory usage. Loaded Objects now: 2964.
Total: 6.456300 ms (FindLiveObjects: 0.648200 ms CreateObjectMapping: 0.290600 ms MarkObjects: 5.032600 ms  DeleteObjects: 0.482000 ms)

========================================================================
Received Import Request.
  path: Assets/Scripts/Enemy Scripts/EnemyAI.cs
  artifactKey: Guid(7c3d3591bce6cff45b34d0de222e7f90) Importer(815301076,1909f56bfc062723c751e8b465ee728b)
Start importing Assets/Scripts/Enemy Scripts/EnemyAI.cs using Guid(7c3d3591bce6cff45b34d0de222e7f90) Importer(815301076,1909f56bfc062723c751e8b465ee728b)  -> (artifact id: '03cb5c2d6fcfaf2520e7272a86fd7db9') in 0.173841 seconds
  Import took 0.183930 seconds .

========================================================================
Received Import Request.
  Time since last request: 96.244762 seconds.
  path: Assets/Scripts/Enemy Scripts/ZombieDeath.cs
  artifactKey: Guid(11242838ae96d3d459e0fee1ebf287c7) Importer(815301076,1909f56bfc062723c751e8b465ee728b)
Start importing Assets/Scripts/Enemy Scripts/ZombieDeath.cs using Guid(11242838ae96d3d459e0fee1ebf287c7) Importer(815301076,1909f56bfc062723c751e8b465ee728b)  -> (artifact id: '384c4ea182c96799028521ab1bec0b82') in 0.047855 seconds
  Import took 0.065319 seconds .

========================================================================
Received Import Request.
  Time since last request: 24.881518 seconds.
  path: Assets/Scripts/Player Scripts/PlayerCasting.cs
  artifactKey: Guid(63c2c7baaa144024396a7c9a8a6ba144) Importer(815301076,1909f56bfc062723c751e8b465ee728b)
Start importing Assets/Scripts/Player Scripts/PlayerCasting.cs using Guid(63c2c7baaa144024396a7c9a8a6ba144) Importer(815301076,1909f56bfc062723c751e8b465ee728b)  -> (artifact id: '11b3d1819b90dd5bcd579407778a76b2') in 0.104715 seconds
  Import took 0.121829 seconds .

========================================================================
Received Import Request.
  Time since last request: 59.808292 seconds.
  path: Assets/Scenes/lvl01.unity
  artifactKey: Guid(0e77b25d811190242b0f4f59df4d7c54) Importer(815301076,1909f56bfc062723c751e8b465ee728b)
Start importing Assets/Scenes/lvl01.unity using Guid(0e77b25d811190242b0f4f59df4d7c54) Importer(815301076,1909f56bfc062723c751e8b465ee728b)  -> (artifact id: '4c38eeee985c0cb1ba064ab08a4e7b63') in 0.046626 seconds
  Import took 0.060917 seconds .

========================================================================
Received Import Request.
  Time since last request: 0.059678 seconds.
  path: Assets/Scenes/lvl01.unity
  artifactKey: Guid(0e77b25d811190242b0f4f59df4d7c54) Importer(815301076,1909f56bfc062723c751e8b465ee728b)
Start importing Assets/Scenes/lvl01.unity using Guid(0e77b25d811190242b0f4f59df4d7c54) Importer(815301076,1909f56bfc062723c751e8b465ee728b)  -> (artifact id: '4c38eeee985c0cb1ba064ab08a4e7b63') in 0.017040 seconds
  Import took 0.044157 seconds .

AssetImportWorkerClient::OnTransportError - code=2 error=End of file
