Using pre-set license
Built from '2020.3/staging' branch; Version is '2020.3.0f1 (c7b5465681fb) revision 13088070'; Using compiler version '192528614'; Build Type 'Release'
OS: 'Windows 10 Home; OS build 19042.985; Version 2009; 64bit' Language: 'en' Physical Memory: 15808 MB
BatchMode: 1, IsHumanControllingUs: 0, StartBugReporterOnCrash: 0, Is64bit: 1, IsPro: 0

 COMMAND LINE ARGUMENTS:
D:\Unity\2020.3.0f1\Editor\Unity.exe
-adb2
-batchMode
-noUpm
-name
AssetImportWorker0
-projectPath
D:/Unity/Projects/AdvancedUnity/HorrorPuzzle
-logFile
Logs/AssetImportWorker0.log
-srvPort
53133
Successfully changed project path to: D:/Unity/Projects/AdvancedUnity/HorrorPuzzle
D:/Unity/Projects/AdvancedUnity/HorrorPuzzle
Using Asset Import Pipeline V2.
Refreshing native plugins compatible for Editor in 181.38 ms, found 0 plugins.
Preloading 0 native plugins for Editor in 0.00 ms.
Initialize engine version: 2020.3.0f1 (c7b5465681fb)
[Subsystems] Discovering subsystems at path D:/Unity/2020.3.0f1/Editor/Data/Resources/UnitySubsystems
[Subsystems] Discovering subsystems at path D:/Unity/Projects/AdvancedUnity/HorrorPuzzle/Assets
GfxDevice: creating device client; threaded=0
Direct3D:
    Version:  Direct3D 11.0 [level 11.1]
    Renderer: NVIDIA GeForce GTX 1650 (ID=0x1f91)
    Vendor:   
    VRAM:     3962 MB
    Driver:   27.21.14.6192
Shader 'Universal Render Pipeline/Particles/Lit': fallback shader 'Universal Render Pipeline/Particles/SimpleLit' not found
Initialize mono
Mono path[0] = 'D:/Unity/2020.3.0f1/Editor/Data/Managed'
Mono path[1] = 'D:/Unity/2020.3.0f1/Editor/Data/MonoBleedingEdge/lib/mono/unityjit'
Mono config path = 'D:/Unity/2020.3.0f1/Editor/Data/MonoBleedingEdge/etc'
Using monoOptions --debugger-agent=transport=dt_socket,embedding=1,server=y,suspend=n,address=127.0.0.1:56784
Begin MonoManager ReloadAssembly
Registering precompiled unity dll's ...
Register platform support module: D:/Unity/2020.3.0f1/Editor/Data/PlaybackEngines/WindowsStandaloneSupport/UnityEditor.WindowsStandalone.Extensions.dll
Registered in 0.003663 seconds.
Native extension for WindowsStandalone target not found
Refreshing native plugins compatible for Editor in 177.93 ms, found 0 plugins.
Preloading 0 native plugins for Editor in 0.00 ms.
Invoked RoslynAnalysisRunner static constructor.
RoslynAnalysisRunner will not be running.
RoslynAnalysisRunner has terminated.
Mono: successfully reloaded assembly
- Completed reload, in  8.147 seconds
Platform modules already initialized, skipping
Registering precompiled user dll's ...
Registered in 0.005650 seconds.
Begin MonoManager ReloadAssembly
Native extension for WindowsStandalone target not found
Refreshing native plugins compatible for Editor in 206.81 ms, found 0 plugins.
Preloading 0 native plugins for Editor in 0.00 ms.
Invoked RoslynAnalysisRunner static constructor.
RoslynAnalysisRunner will not be running.
RoslynAnalysisRunner has terminated.
Mono: successfully reloaded assembly
- Completed reload, in  3.309 seconds
Platform modules already initialized, skipping
========================================================================
Worker process is ready to serve import requests
Shader 'Universal Render Pipeline/Particles/Lit': fallback shader 'Universal Render Pipeline/Particles/SimpleLit' not found
Launched and connected shader compiler UnityShaderCompiler.exe after 0.13 seconds
Refreshing native plugins compatible for Editor in 1.07 ms, found 0 plugins.
Preloading 0 native plugins for Editor in 0.00 ms.
Unloading 2386 Unused Serialized files (Serialized files now loaded: 0)
System memory in use before: 184.1 MB.
System memory in use after: 184.3 MB.

Unloading 11 unused Assets to reduce memory usage. Loaded Objects now: 2849.
Total: 5.893100 ms (FindLiveObjects: 0.515100 ms CreateObjectMapping: 0.159400 ms MarkObjects: 4.835600 ms  DeleteObjects: 0.378800 ms)

========================================================================
Received Import Request.
  path: Assets/Prefabs/Guns/pistol
  artifactKey: Guid(88ab6c41bfdda344b9c48be55b4f146b) Importer(815301076,1909f56bfc062723c751e8b465ee728b)
Start importing Assets/Prefabs/Guns/pistol using Guid(88ab6c41bfdda344b9c48be55b4f146b) Importer(815301076,1909f56bfc062723c751e8b465ee728b)  -> (artifact id: 'f1fd13e85623e78e87be14a7d4a290b3') in 0.022229 seconds
  Import took 0.034253 seconds .

========================================================================
Received Import Request.
  Time since last request: 80.299790 seconds.
  path: Assets/Prefabs/Guns/pistol/MuzzleFlash.prefab
  artifactKey: Guid(ef6a483edbc92634690e0937f289c241) Importer(815301076,1909f56bfc062723c751e8b465ee728b)
Start importing Assets/Prefabs/Guns/pistol/MuzzleFlash.prefab using Guid(ef6a483edbc92634690e0937f289c241) Importer(815301076,1909f56bfc062723c751e8b465ee728b)  -> (artifact id: 'f5eeaf8e2a6eff0fcb60fe49253ddd95') in 0.377433 seconds
  Import took 0.395809 seconds .

========================================================================
Received Import Request.
  Time since last request: 759.912777 seconds.
  path: Assets/Prefabs/Guns/pistol/pistol.fbx
  artifactKey: Guid(263add50eab4583409f82a43b23a9ebd) Importer(815301076,1909f56bfc062723c751e8b465ee728b)
Start importing Assets/Prefabs/Guns/pistol/pistol.fbx using Guid(263add50eab4583409f82a43b23a9ebd) Importer(815301076,1909f56bfc062723c751e8b465ee728b)  -> (artifact id: '5886a41ca9e9096d99af016b437f8cad') in 0.656016 seconds
  Import took 0.674495 seconds .

========================================================================
Received Import Request.
  Time since last request: 485.317370 seconds.
  path: Assets/Prefabs/Guns/pistol/pistol.blend
  artifactKey: Guid(d6f6e868500eff94fb4ff11239770e91) Importer(815301076,1909f56bfc062723c751e8b465ee728b)
Start importing Assets/Prefabs/Guns/pistol/pistol.blend using Guid(d6f6e868500eff94fb4ff11239770e91) Importer(815301076,1909f56bfc062723c751e8b465ee728b)  -> (artifact id: 'e615b3f4803dee8f76702f8e7d69aaf9') in 0.619848 seconds
  Import took 0.637991 seconds .

========================================================================
Received Import Request.
  Time since last request: 4280.460086 seconds.
  path: Assets/UI/arrow-symbol.png
  artifactKey: Guid(8bbf3334c1d126345811c12b29281d6c) Importer(815301076,1909f56bfc062723c751e8b465ee728b)
Start importing Assets/UI/arrow-symbol.png using Guid(8bbf3334c1d126345811c12b29281d6c) Importer(815301076,1909f56bfc062723c751e8b465ee728b)  -> (artifact id: '6b4de3e0bd3965f03c720aae08d853d6') in 0.105400 seconds
  Import took 0.119609 seconds .

========================================================================
Received Import Request.
  Time since last request: 0.041335 seconds.
  path: Assets/UI/arrow-symbol.png
  artifactKey: Guid(8bbf3334c1d126345811c12b29281d6c) Importer(815301076,1909f56bfc062723c751e8b465ee728b)
Start importing Assets/UI/arrow-symbol.png using Guid(8bbf3334c1d126345811c12b29281d6c) Importer(815301076,1909f56bfc062723c751e8b465ee728b)  -> (artifact id: '6b4de3e0bd3965f03c720aae08d853d6') in 0.042885 seconds
  Import took 0.057431 seconds .

========================================================================
Received Import Request.
  Time since last request: 1136.302416 seconds.
  path: Assets/Animations/Door/JumpDoorAnim.anim
  artifactKey: Guid(287631f600a793c40b916ac12b43c70c) Importer(815301076,1909f56bfc062723c751e8b465ee728b)
Start importing Assets/Animations/Door/JumpDoorAnim.anim using Guid(287631f600a793c40b916ac12b43c70c) Importer(815301076,1909f56bfc062723c751e8b465ee728b)  -> (artifact id: 'a9415d1bcfbc9c3ba87f4334aba6f13c') in 0.031544 seconds
  Import took 0.046355 seconds .

AssetImportWorkerClient::OnTransportError - code=2 error=End of file
