Using pre-set license
Built from '2020.3/staging' branch; Version is '2020.3.0f1 (c7b5465681fb) revision 13088070'; Using compiler version '192528614'; Build Type 'Release'
OS: 'Windows 10 Home; OS build 19042.985; Version 2009; 64bit' Language: 'en' Physical Memory: 15808 MB
BatchMode: 1, IsHumanControllingUs: 0, StartBugReporterOnCrash: 0, Is64bit: 1, IsPro: 0

 COMMAND LINE ARGUMENTS:
D:\Unity\2020.3.0f1\Editor\Unity.exe
-adb2
-batchMode
-noUpm
-name
AssetImportWorker0
-projectPath
D:/Unity/Projects/AdvancedUnity/HorrorPuzzle
-logFile
Logs/AssetImportWorker0.log
-srvPort
62516
Successfully changed project path to: D:/Unity/Projects/AdvancedUnity/HorrorPuzzle
D:/Unity/Projects/AdvancedUnity/HorrorPuzzle
Using Asset Import Pipeline V2.
Refreshing native plugins compatible for Editor in 166.61 ms, found 0 plugins.
Preloading 0 native plugins for Editor in 0.00 ms.
Initialize engine version: 2020.3.0f1 (c7b5465681fb)
[Subsystems] Discovering subsystems at path D:/Unity/2020.3.0f1/Editor/Data/Resources/UnitySubsystems
[Subsystems] Discovering subsystems at path D:/Unity/Projects/AdvancedUnity/HorrorPuzzle/Assets
GfxDevice: creating device client; threaded=0
Direct3D:
    Version:  Direct3D 11.0 [level 11.1]
    Renderer: NVIDIA GeForce GTX 1650 (ID=0x1f91)
    Vendor:   
    VRAM:     3962 MB
    Driver:   27.21.14.6192
Shader 'Universal Render Pipeline/Particles/Lit': fallback shader 'Universal Render Pipeline/Particles/SimpleLit' not found
Initialize mono
Mono path[0] = 'D:/Unity/2020.3.0f1/Editor/Data/Managed'
Mono path[1] = 'D:/Unity/2020.3.0f1/Editor/Data/MonoBleedingEdge/lib/mono/unityjit'
Mono config path = 'D:/Unity/2020.3.0f1/Editor/Data/MonoBleedingEdge/etc'
Using monoOptions --debugger-agent=transport=dt_socket,embedding=1,server=y,suspend=n,address=127.0.0.1:56456
Begin MonoManager ReloadAssembly
Registering precompiled unity dll's ...
Register platform support module: D:/Unity/2020.3.0f1/Editor/Data/PlaybackEngines/WindowsStandaloneSupport/UnityEditor.WindowsStandalone.Extensions.dll
Registered in 0.003458 seconds.
Native extension for WindowsStandalone target not found
Refreshing native plugins compatible for Editor in 171.35 ms, found 0 plugins.
Preloading 0 native plugins for Editor in 0.00 ms.
Invoked RoslynAnalysisRunner static constructor.
RoslynAnalysisRunner will not be running.
RoslynAnalysisRunner has terminated.
Mono: successfully reloaded assembly
- Completed reload, in  7.617 seconds
Platform modules already initialized, skipping
Registering precompiled user dll's ...
Registered in 0.004115 seconds.
Begin MonoManager ReloadAssembly
Native extension for WindowsStandalone target not found
Refreshing native plugins compatible for Editor in 203.10 ms, found 0 plugins.
Preloading 0 native plugins for Editor in 0.00 ms.
Invoked RoslynAnalysisRunner static constructor.
RoslynAnalysisRunner will not be running.
RoslynAnalysisRunner has terminated.
Mono: successfully reloaded assembly
- Completed reload, in  3.122 seconds
Platform modules already initialized, skipping
========================================================================
Worker process is ready to serve import requests
Shader 'Universal Render Pipeline/Particles/Lit': fallback shader 'Universal Render Pipeline/Particles/SimpleLit' not found
Launched and connected shader compiler UnityShaderCompiler.exe after 0.14 seconds
Refreshing native plugins compatible for Editor in 1.14 ms, found 0 plugins.
Preloading 0 native plugins for Editor in 0.00 ms.
Unloading 2517 Unused Serialized files (Serialized files now loaded: 0)
System memory in use before: 206.3 MB.
System memory in use after: 206.2 MB.

Unloading 17 unused Assets to reduce memory usage. Loaded Objects now: 2995.
Total: 5.841700 ms (FindLiveObjects: 0.546100 ms CreateObjectMapping: 0.170200 ms MarkObjects: 4.534500 ms  DeleteObjects: 0.587700 ms)

========================================================================
Received Import Request.
  path: Assets/Prefabs/Furniture/Typewriter/Typewriter1.fbx
  artifactKey: Guid(7d5e2b3cb700a96428435371f3fec33a) Importer(815301076,1909f56bfc062723c751e8b465ee728b)
Start importing Assets/Prefabs/Furniture/Typewriter/Typewriter1.fbx using Guid(7d5e2b3cb700a96428435371f3fec33a) Importer(815301076,1909f56bfc062723c751e8b465ee728b)  -> (artifact id: '3ef2dd29c271015ee2f8916f802767c9') in 0.553793 seconds
  Import took 0.563995 seconds .

========================================================================
Received Import Request.
  Time since last request: 158.442948 seconds.
  path: Assets/Prefabs/Furniture/Typewriter/Materials
  artifactKey: Guid(cd4e8e7d1fd017549a0a607ba70efab4) Importer(815301076,1909f56bfc062723c751e8b465ee728b)
Start importing Assets/Prefabs/Furniture/Typewriter/Materials using Guid(cd4e8e7d1fd017549a0a607ba70efab4) Importer(815301076,1909f56bfc062723c751e8b465ee728b)  -> (artifact id: '26fbb944dc678331c7579e485b8c9e2b') in 0.022108 seconds
  Import took 0.034924 seconds .

========================================================================
Received Import Request.
  Time since last request: 255.889653 seconds.
  path: Assets/Prefabs/Furniture/Typewriter/Typewriter1 1.fbx
  artifactKey: Guid(d2fe7b660db5dae47b6fbe2adea48bee) Importer(815301076,1909f56bfc062723c751e8b465ee728b)
Start importing Assets/Prefabs/Furniture/Typewriter/Typewriter1 1.fbx using Guid(d2fe7b660db5dae47b6fbe2adea48bee) Importer(815301076,1909f56bfc062723c751e8b465ee728b)  -> (artifact id: '4f8cf46f8bdf95276739fa14a2de38ea') in 0.106615 seconds
  Import took 0.118396 seconds .

========================================================================
Received Import Request.
  Time since last request: 89.982001 seconds.
  path: Assets/Prefabs/Furniture/Typewriter/Typewriter1.fbx
  artifactKey: Guid(7d5e2b3cb700a96428435371f3fec33a) Importer(815301076,1909f56bfc062723c751e8b465ee728b)
Start importing Assets/Prefabs/Furniture/Typewriter/Typewriter1.fbx using Guid(7d5e2b3cb700a96428435371f3fec33a) Importer(815301076,1909f56bfc062723c751e8b465ee728b)  -> (artifact id: '26a413209bffa6923f938f710e7f8aa3') in 0.142978 seconds
  Import took 0.156587 seconds .

========================================================================
Received Prepare
Registering precompiled user dll's ...
Registered in 0.005822 seconds.
Begin MonoManager ReloadAssembly
Native extension for WindowsStandalone target not found
Refreshing native plugins compatible for Editor in 1.13 ms, found 0 plugins.
Preloading 0 native plugins for Editor in 0.00 ms.
Invoked RoslynAnalysisRunner static constructor.
RoslynAnalysisRunner will not be running.
RoslynAnalysisRunner has terminated.
Mono: successfully reloaded assembly
- Completed reload, in  2.683 seconds
Platform modules already initialized, skipping
Shader 'Universal Render Pipeline/Particles/Lit': fallback shader 'Universal Render Pipeline/Particles/SimpleLit' not found
Refreshing native plugins compatible for Editor in 1.16 ms, found 0 plugins.
Preloading 0 native plugins for Editor in 0.00 ms.
Unloading 2435 Unused Serialized files (Serialized files now loaded: 0)
System memory in use before: 203.6 MB.
System memory in use after: 203.6 MB.

Unloading 12 unused Assets to reduce memory usage. Loaded Objects now: 3008.
Total: 6.010300 ms (FindLiveObjects: 0.749700 ms CreateObjectMapping: 0.174600 ms MarkObjects: 4.550700 ms  DeleteObjects: 0.531900 ms)

========================================================================
Received Prepare
Registering precompiled user dll's ...
Registered in 0.003841 seconds.
Begin MonoManager ReloadAssembly
Native extension for WindowsStandalone target not found
Refreshing native plugins compatible for Editor in 1.23 ms, found 0 plugins.
Preloading 0 native plugins for Editor in 0.00 ms.
Invoked RoslynAnalysisRunner static constructor.
RoslynAnalysisRunner will not be running.
RoslynAnalysisRunner has terminated.
Mono: successfully reloaded assembly
- Completed reload, in  2.531 seconds
Platform modules already initialized, skipping
Shader 'Universal Render Pipeline/Particles/Lit': fallback shader 'Universal Render Pipeline/Particles/SimpleLit' not found
Refreshing native plugins compatible for Editor in 1.16 ms, found 0 plugins.
Preloading 0 native plugins for Editor in 0.00 ms.
Unloading 2435 Unused Serialized files (Serialized files now loaded: 0)
System memory in use before: 203.6 MB.
System memory in use after: 203.6 MB.

Unloading 12 unused Assets to reduce memory usage. Loaded Objects now: 3011.
Total: 6.686000 ms (FindLiveObjects: 1.054000 ms CreateObjectMapping: 0.530300 ms MarkObjects: 4.585400 ms  DeleteObjects: 0.499900 ms)

========================================================================
Received Import Request.
  Time since last request: 1909.920375 seconds.
  path: Assets/Prefabs/Furniture/Typewriter/Typewriter.prefab
  artifactKey: Guid(0bc52078e235c784099891323f45c355) Importer(815301076,1909f56bfc062723c751e8b465ee728b)
Start importing Assets/Prefabs/Furniture/Typewriter/Typewriter.prefab using Guid(0bc52078e235c784099891323f45c355) Importer(815301076,1909f56bfc062723c751e8b465ee728b)  -> (artifact id: '41eff355474d16a958eb9c431943ec9a') in 0.232504 seconds
  Import took 0.246175 seconds .

========================================================================
Received Import Request.
  Time since last request: 0.005706 seconds.
  path: Assets/Prefabs/Furniture/Typewriter/Typewriter.prefab
  artifactKey: Guid(0bc52078e235c784099891323f45c355) Importer(815301076,1909f56bfc062723c751e8b465ee728b)
Start importing Assets/Prefabs/Furniture/Typewriter/Typewriter.prefab using Guid(0bc52078e235c784099891323f45c355) Importer(815301076,1909f56bfc062723c751e8b465ee728b)  -> (artifact id: '41eff355474d16a958eb9c431943ec9a') in 0.041280 seconds
  Import took 0.052382 seconds .

========================================================================
Received Import Request.
  Time since last request: 47.041251 seconds.
  path: Assets/Prefabs/Levels/ManorDoor/Puzzles
  artifactKey: Guid(cf08bb439e6c4b047a2620a44d2a8378) Importer(815301076,1909f56bfc062723c751e8b465ee728b)
Start importing Assets/Prefabs/Levels/ManorDoor/Puzzles using Guid(cf08bb439e6c4b047a2620a44d2a8378) Importer(815301076,1909f56bfc062723c751e8b465ee728b)  -> (artifact id: '2dc0aeb65a7c09c2d652f637145ffeda') in 0.024135 seconds
  Import took 0.035339 seconds .

========================================================================
Received Import Request.
  Time since last request: 46.310024 seconds.
  path: Assets/Prefabs/Levels/Puzzles/RightEyeObj.prefab
  artifactKey: Guid(2ee613ca2c428104f8198d58f4e76e0d) Importer(815301076,1909f56bfc062723c751e8b465ee728b)
Start importing Assets/Prefabs/Levels/Puzzles/RightEyeObj.prefab using Guid(2ee613ca2c428104f8198d58f4e76e0d) Importer(815301076,1909f56bfc062723c751e8b465ee728b)  -> (artifact id: '0adcd25e9e42d3efd964845384677f3e') in 0.087584 seconds
  Import took 0.100378 seconds .

========================================================================
Received Import Request.
  Time since last request: 156.039468 seconds.
  path: Assets/Prefabs/Levels/Puzzles/LeftEyeObj.prefab
  artifactKey: Guid(7a2d069a83e69384883cc366b28308df) Importer(815301076,1909f56bfc062723c751e8b465ee728b)
Start importing Assets/Prefabs/Levels/Puzzles/LeftEyeObj.prefab using Guid(7a2d069a83e69384883cc366b28308df) Importer(815301076,1909f56bfc062723c751e8b465ee728b)  -> (artifact id: '7b5b11e471ce09a18354808983b2bec2') in 0.080535 seconds
  Import took 0.093464 seconds .

========================================================================
Received Prepare
Registering precompiled user dll's ...
Registered in 0.004949 seconds.
Begin MonoManager ReloadAssembly
Native extension for WindowsStandalone target not found
Refreshing native plugins compatible for Editor in 1.17 ms, found 0 plugins.
Preloading 0 native plugins for Editor in 0.00 ms.
Invoked RoslynAnalysisRunner static constructor.
RoslynAnalysisRunner will not be running.
RoslynAnalysisRunner has terminated.
Mono: successfully reloaded assembly
- Completed reload, in  3.179 seconds
Platform modules already initialized, skipping
Shader 'Universal Render Pipeline/Particles/Lit': fallback shader 'Universal Render Pipeline/Particles/SimpleLit' not found
Refreshing native plugins compatible for Editor in 1.28 ms, found 0 plugins.
Preloading 0 native plugins for Editor in 0.00 ms.
Unloading 2435 Unused Serialized files (Serialized files now loaded: 0)
System memory in use before: 203.7 MB.
System memory in use after: 203.7 MB.

Unloading 12 unused Assets to reduce memory usage. Loaded Objects now: 3016.
Total: 7.709200 ms (FindLiveObjects: 0.945900 ms CreateObjectMapping: 0.329000 ms MarkObjects: 5.901300 ms  DeleteObjects: 0.529300 ms)

========================================================================
Received Import Request.
  Time since last request: 1787.936049 seconds.
  path: Assets/Scripts/Level Scripts/RightEyePickUp.cs
  artifactKey: Guid(35a902ec9d81fd6479edea63293d7b55) Importer(815301076,1909f56bfc062723c751e8b465ee728b)
Start importing Assets/Scripts/Level Scripts/RightEyePickUp.cs using Guid(35a902ec9d81fd6479edea63293d7b55) Importer(815301076,1909f56bfc062723c751e8b465ee728b)  -> (artifact id: 'a2d575fcd68595ee5e45b78b770c77a2') in 0.072254 seconds
  Import took 0.086341 seconds .

========================================================================
Received Prepare
Registering precompiled user dll's ...
Registered in 0.004828 seconds.
Begin MonoManager ReloadAssembly
Native extension for WindowsStandalone target not found
Refreshing native plugins compatible for Editor in 1.16 ms, found 0 plugins.
Preloading 0 native plugins for Editor in 0.00 ms.
Invoked RoslynAnalysisRunner static constructor.
RoslynAnalysisRunner will not be running.
RoslynAnalysisRunner has terminated.
Mono: successfully reloaded assembly
- Completed reload, in  2.651 seconds
Platform modules already initialized, skipping
Shader 'Universal Render Pipeline/Particles/Lit': fallback shader 'Universal Render Pipeline/Particles/SimpleLit' not found
Refreshing native plugins compatible for Editor in 1.62 ms, found 0 plugins.
Preloading 0 native plugins for Editor in 0.00 ms.
Unloading 2435 Unused Serialized files (Serialized files now loaded: 0)
System memory in use before: 203.8 MB.
System memory in use after: 203.8 MB.

Unloading 12 unused Assets to reduce memory usage. Loaded Objects now: 3019.
Total: 5.823500 ms (FindLiveObjects: 0.515000 ms CreateObjectMapping: 0.168000 ms MarkObjects: 4.642100 ms  DeleteObjects: 0.494500 ms)

========================================================================
Received Import Request.
  Time since last request: 189.065567 seconds.
  path: Assets/Scripts/Level Scripts/RightEyePickUp.cs
  artifactKey: Guid(35a902ec9d81fd6479edea63293d7b55) Importer(815301076,1909f56bfc062723c751e8b465ee728b)
Start importing Assets/Scripts/Level Scripts/RightEyePickUp.cs using Guid(35a902ec9d81fd6479edea63293d7b55) Importer(815301076,1909f56bfc062723c751e8b465ee728b)  -> (artifact id: '67ddf7f10e7292f494dbb6cd5f03760e') in 0.021929 seconds
  Import took 0.033339 seconds .

========================================================================
Received Prepare
Registering precompiled user dll's ...
Registered in 0.004592 seconds.
Begin MonoManager ReloadAssembly
Native extension for WindowsStandalone target not found
Refreshing native plugins compatible for Editor in 1.18 ms, found 0 plugins.
Preloading 0 native plugins for Editor in 0.00 ms.
Invoked RoslynAnalysisRunner static constructor.
RoslynAnalysisRunner will not be running.
RoslynAnalysisRunner has terminated.
Mono: successfully reloaded assembly
- Completed reload, in  2.656 seconds
Platform modules already initialized, skipping
Shader 'Universal Render Pipeline/Particles/Lit': fallback shader 'Universal Render Pipeline/Particles/SimpleLit' not found
Refreshing native plugins compatible for Editor in 1.16 ms, found 0 plugins.
Preloading 0 native plugins for Editor in 0.00 ms.
Unloading 2435 Unused Serialized files (Serialized files now loaded: 0)
System memory in use before: 203.7 MB.
System memory in use after: 203.7 MB.

Unloading 12 unused Assets to reduce memory usage. Loaded Objects now: 3022.
Total: 5.814200 ms (FindLiveObjects: 0.512300 ms CreateObjectMapping: 0.161000 ms MarkObjects: 4.629200 ms  DeleteObjects: 0.508500 ms)

========================================================================
Received Prepare
Registering precompiled user dll's ...
Registered in 0.004132 seconds.
Begin MonoManager ReloadAssembly
Native extension for WindowsStandalone target not found
Refreshing native plugins compatible for Editor in 1.90 ms, found 0 plugins.
Preloading 0 native plugins for Editor in 0.00 ms.
Invoked RoslynAnalysisRunner static constructor.
RoslynAnalysisRunner will not be running.
RoslynAnalysisRunner has terminated.
Mono: successfully reloaded assembly
- Completed reload, in  2.870 seconds
Platform modules already initialized, skipping
Shader 'Universal Render Pipeline/Particles/Lit': fallback shader 'Universal Render Pipeline/Particles/SimpleLit' not found
Refreshing native plugins compatible for Editor in 1.22 ms, found 0 plugins.
Preloading 0 native plugins for Editor in 0.00 ms.
Unloading 2435 Unused Serialized files (Serialized files now loaded: 0)
System memory in use before: 203.8 MB.
System memory in use after: 203.8 MB.

Unloading 12 unused Assets to reduce memory usage. Loaded Objects now: 3025.
Total: 6.145500 ms (FindLiveObjects: 0.573300 ms CreateObjectMapping: 0.249500 ms MarkObjects: 4.814700 ms  DeleteObjects: 0.505000 ms)

========================================================================
Received Prepare
Registering precompiled user dll's ...
Registered in 0.004778 seconds.
Begin MonoManager ReloadAssembly
Native extension for WindowsStandalone target not found
Refreshing native plugins compatible for Editor in 1.17 ms, found 0 plugins.
Preloading 0 native plugins for Editor in 0.00 ms.
Invoked RoslynAnalysisRunner static constructor.
RoslynAnalysisRunner will not be running.
RoslynAnalysisRunner has terminated.
Mono: successfully reloaded assembly
- Completed reload, in  3.120 seconds
Platform modules already initialized, skipping
Shader 'Universal Render Pipeline/Particles/Lit': fallback shader 'Universal Render Pipeline/Particles/SimpleLit' not found
Refreshing native plugins compatible for Editor in 1.15 ms, found 0 plugins.
Preloading 0 native plugins for Editor in 0.00 ms.
Unloading 2435 Unused Serialized files (Serialized files now loaded: 0)
System memory in use before: 203.8 MB.
System memory in use after: 203.8 MB.

Unloading 12 unused Assets to reduce memory usage. Loaded Objects now: 3028.
Total: 8.433600 ms (FindLiveObjects: 0.928300 ms CreateObjectMapping: 0.614900 ms MarkObjects: 6.395000 ms  DeleteObjects: 0.491900 ms)

========================================================================
Received Import Request.
  Time since last request: 2836.615497 seconds.
  path: Assets/Prefabs/Furniture/Frame
  artifactKey: Guid(787e28aeeecf5c647afda8f0ce11b59b) Importer(815301076,1909f56bfc062723c751e8b465ee728b)
Start importing Assets/Prefabs/Furniture/Frame using Guid(787e28aeeecf5c647afda8f0ce11b59b) Importer(815301076,1909f56bfc062723c751e8b465ee728b)  -> (artifact id: 'ab768425a89dbb801904b47c19f7ec09') in 0.067969 seconds
  Import took 0.083000 seconds .

========================================================================
Received Import Request.
  Time since last request: 2.133710 seconds.
  path: Assets/Prefabs/Furniture/Frame/3d-model.fbx
  artifactKey: Guid(e5feb6d404eceb848830ecb27faae9d1) Importer(815301076,1909f56bfc062723c751e8b465ee728b)
Start importing Assets/Prefabs/Furniture/Frame/3d-model.fbx using Guid(e5feb6d404eceb848830ecb27faae9d1) Importer(815301076,1909f56bfc062723c751e8b465ee728b)  -> (artifact id: '12b7d9ee7f13cebcebe28241b005c8a2') in 0.312743 seconds
  Import took 0.356422 seconds .

========================================================================
Received Import Request.
  Time since last request: 19.755193 seconds.
  path: Assets/Prefabs/Furniture/Frame/3d-model.fbx
  artifactKey: Guid(e5feb6d404eceb848830ecb27faae9d1) Importer(815301076,1909f56bfc062723c751e8b465ee728b)
Start importing Assets/Prefabs/Furniture/Frame/3d-model.fbx using Guid(e5feb6d404eceb848830ecb27faae9d1) Importer(815301076,1909f56bfc062723c751e8b465ee728b)  -> (artifact id: 'd53aeac0216fd31e64afade2a9857f26') in 0.052291 seconds
  Import took 0.064364 seconds .

========================================================================
Received Import Request.
  Time since last request: 0.045630 seconds.
  path: Assets/Prefabs/Furniture/Frame/3d-model.fbx
  artifactKey: Guid(e5feb6d404eceb848830ecb27faae9d1) Importer(815301076,1909f56bfc062723c751e8b465ee728b)
Start importing Assets/Prefabs/Furniture/Frame/3d-model.fbx using Guid(e5feb6d404eceb848830ecb27faae9d1) Importer(815301076,1909f56bfc062723c751e8b465ee728b)  -> (artifact id: 'd53aeac0216fd31e64afade2a9857f26') in 0.036985 seconds
  Import took 0.047987 seconds .

========================================================================
Received Import Request.
  Time since last request: 4.997492 seconds.
  path: Assets/Prefabs/Furniture/Frame/Materials
  artifactKey: Guid(64a8fd689cdabf64baa8e7338bb7f066) Importer(815301076,1909f56bfc062723c751e8b465ee728b)
Start importing Assets/Prefabs/Furniture/Frame/Materials using Guid(64a8fd689cdabf64baa8e7338bb7f066) Importer(815301076,1909f56bfc062723c751e8b465ee728b)  -> (artifact id: '182cbdf63e8ed615a2442edce345cb10') in 0.052131 seconds
  Import took 0.064102 seconds .

========================================================================
Received Import Request.
  Time since last request: 915.513793 seconds.
  path: Assets/Prefabs/Furniture/Frame/Frame.prefab
  artifactKey: Guid(6b62bf902eec79c4dbf6c88831bed7ba) Importer(815301076,1909f56bfc062723c751e8b465ee728b)
Start importing Assets/Prefabs/Furniture/Frame/Frame.prefab using Guid(6b62bf902eec79c4dbf6c88831bed7ba) Importer(815301076,1909f56bfc062723c751e8b465ee728b)  -> (artifact id: '2514fca1a93d7b9312ec36c1749d0314') in 0.071029 seconds
  Import took 0.082492 seconds .

========================================================================
Received Import Request.
  Time since last request: 0.014603 seconds.
  path: Assets/Prefabs/Furniture/Frame/Frame.prefab
  artifactKey: Guid(6b62bf902eec79c4dbf6c88831bed7ba) Importer(815301076,1909f56bfc062723c751e8b465ee728b)
Start importing Assets/Prefabs/Furniture/Frame/Frame.prefab using Guid(6b62bf902eec79c4dbf6c88831bed7ba) Importer(815301076,1909f56bfc062723c751e8b465ee728b)  -> (artifact id: '2514fca1a93d7b9312ec36c1749d0314') in 0.033789 seconds
  Import took 0.045035 seconds .

========================================================================
Received Import Request.
  Time since last request: 336.209549 seconds.
  path: Assets/Animations
  artifactKey: Guid(0251a61b089184348883977f00f5d228) Importer(815301076,1909f56bfc062723c751e8b465ee728b)
Start importing Assets/Animations using Guid(0251a61b089184348883977f00f5d228) Importer(815301076,1909f56bfc062723c751e8b465ee728b)  -> (artifact id: 'b6e412fb3c7ae90bf1e4fe4548d919da') in 0.045883 seconds
  Import took 0.062401 seconds .

========================================================================
Received Import Request.
  Time since last request: 12.858338 seconds.
  path: Assets/Animations/Wall
  artifactKey: Guid(34ee608337e60d34e809f3476b52b6d9) Importer(815301076,1909f56bfc062723c751e8b465ee728b)
Start importing Assets/Animations/Wall using Guid(34ee608337e60d34e809f3476b52b6d9) Importer(815301076,1909f56bfc062723c751e8b465ee728b)  -> (artifact id: 'c1fd6031c0d7665aff32bf759cdc381d') in 0.027313 seconds
  Import took 0.040627 seconds .

========================================================================
Received Import Request.
  Time since last request: 0.011997 seconds.
  path: Assets/Animations/Wall
  artifactKey: Guid(34ee608337e60d34e809f3476b52b6d9) Importer(815301076,1909f56bfc062723c751e8b465ee728b)
Start importing Assets/Animations/Wall using Guid(34ee608337e60d34e809f3476b52b6d9) Importer(815301076,1909f56bfc062723c751e8b465ee728b)  -> (artifact id: 'c1fd6031c0d7665aff32bf759cdc381d') in 0.006087 seconds
  Import took 0.016292 seconds .

========================================================================
Received Import Request.
  Time since last request: 323.892210 seconds.
  path: Assets/Animations/Wall/WallRise.anim
  artifactKey: Guid(5e5d8c025521fd041bdc5309fd08f55f) Importer(815301076,1909f56bfc062723c751e8b465ee728b)
Start importing Assets/Animations/Wall/WallRise.anim using Guid(5e5d8c025521fd041bdc5309fd08f55f) Importer(815301076,1909f56bfc062723c751e8b465ee728b)  -> (artifact id: '7bbcf399c003bc3e60eb14f99fe26e87') in 0.086247 seconds
  Import took 0.096000 seconds .

========================================================================
Received Import Request.
  Time since last request: 0.009967 seconds.
  path: Assets/Animations/Wall/WallRise.anim
  artifactKey: Guid(5e5d8c025521fd041bdc5309fd08f55f) Importer(815301076,1909f56bfc062723c751e8b465ee728b)
Start importing Assets/Animations/Wall/WallRise.anim using Guid(5e5d8c025521fd041bdc5309fd08f55f) Importer(815301076,1909f56bfc062723c751e8b465ee728b)  -> (artifact id: '7bbcf399c003bc3e60eb14f99fe26e87') in 0.015903 seconds
  Import took 0.027557 seconds .

========================================================================
Received Prepare
Registering precompiled user dll's ...
Registered in 0.003993 seconds.
Begin MonoManager ReloadAssembly
Native extension for WindowsStandalone target not found
Refreshing native plugins compatible for Editor in 1.14 ms, found 0 plugins.
Preloading 0 native plugins for Editor in 0.00 ms.
Invoked RoslynAnalysisRunner static constructor.
RoslynAnalysisRunner will not be running.
RoslynAnalysisRunner has terminated.
Mono: successfully reloaded assembly
- Completed reload, in  2.832 seconds
Platform modules already initialized, skipping
Shader 'Universal Render Pipeline/Particles/Lit': fallback shader 'Universal Render Pipeline/Particles/SimpleLit' not found
Refreshing native plugins compatible for Editor in 1.28 ms, found 0 plugins.
Preloading 0 native plugins for Editor in 0.00 ms.
Unloading 2435 Unused Serialized files (Serialized files now loaded: 0)
System memory in use before: 204.0 MB.
System memory in use after: 204.0 MB.

Unloading 12 unused Assets to reduce memory usage. Loaded Objects now: 3065.
Total: 7.595400 ms (FindLiveObjects: 0.812600 ms CreateObjectMapping: 0.257800 ms MarkObjects: 6.020100 ms  DeleteObjects: 0.500900 ms)

========================================================================
Received Import Request.
  Time since last request: 290.311017 seconds.
  path: Assets/Scripts/Level Scripts/RightEyePickUp.cs
  artifactKey: Guid(35a902ec9d81fd6479edea63293d7b55) Importer(815301076,1909f56bfc062723c751e8b465ee728b)
Start importing Assets/Scripts/Level Scripts/RightEyePickUp.cs using Guid(35a902ec9d81fd6479edea63293d7b55) Importer(815301076,1909f56bfc062723c751e8b465ee728b)  -> (artifact id: '5ff026509d455b19ff1bb56287e899c4') in 0.074666 seconds
  Import took 0.087976 seconds .

========================================================================
Received Import Request.
  Time since last request: 5.753490 seconds.
  path: Assets/Scripts/Level Scripts/RightEyePickUp1.cs
  artifactKey: Guid(64848ab236166ab4888c00b6a2585040) Importer(815301076,1909f56bfc062723c751e8b465ee728b)
Start importing Assets/Scripts/Level Scripts/RightEyePickUp1.cs using Guid(64848ab236166ab4888c00b6a2585040) Importer(815301076,1909f56bfc062723c751e8b465ee728b)  -> (artifact id: '5fee404faa8dddae8fa606d48b4c2372') in 0.032717 seconds
  Import took 0.050690 seconds .

========================================================================
Received Import Request.
  Time since last request: 43.890298 seconds.
  path: Assets/Scripts/Level Scripts/EyePlacement.cs
  artifactKey: Guid(64848ab236166ab4888c00b6a2585040) Importer(815301076,1909f56bfc062723c751e8b465ee728b)
Start importing Assets/Scripts/Level Scripts/EyePlacement.cs using Guid(64848ab236166ab4888c00b6a2585040) Importer(815301076,1909f56bfc062723c751e8b465ee728b)  -> (artifact id: '4253cc92640fdcc090a773542b1d71ce') in 0.038878 seconds
  Import took 0.052379 seconds .

========================================================================
Received Prepare
Registering precompiled user dll's ...
Registered in 0.004627 seconds.
Begin MonoManager ReloadAssembly
Native extension for WindowsStandalone target not found
Refreshing native plugins compatible for Editor in 1.29 ms, found 0 plugins.
Preloading 0 native plugins for Editor in 0.00 ms.
Invoked RoslynAnalysisRunner static constructor.
RoslynAnalysisRunner will not be running.
RoslynAnalysisRunner has terminated.
Mono: successfully reloaded assembly
- Completed reload, in  2.753 seconds
Platform modules already initialized, skipping
Shader 'Universal Render Pipeline/Particles/Lit': fallback shader 'Universal Render Pipeline/Particles/SimpleLit' not found
Refreshing native plugins compatible for Editor in 1.94 ms, found 0 plugins.
Preloading 0 native plugins for Editor in 0.00 ms.
Unloading 2436 Unused Serialized files (Serialized files now loaded: 0)
System memory in use before: 204.0 MB.
System memory in use after: 204.0 MB.

Unloading 12 unused Assets to reduce memory usage. Loaded Objects now: 3069.
Total: 6.150400 ms (FindLiveObjects: 0.739500 ms CreateObjectMapping: 0.266700 ms MarkObjects: 4.633000 ms  DeleteObjects: 0.508500 ms)

========================================================================
Received Import Request.
  Time since last request: 458.459104 seconds.
  path: Assets/Scripts/Level Scripts/EyePlacement.cs
  artifactKey: Guid(64848ab236166ab4888c00b6a2585040) Importer(815301076,1909f56bfc062723c751e8b465ee728b)
Start importing Assets/Scripts/Level Scripts/EyePlacement.cs using Guid(64848ab236166ab4888c00b6a2585040) Importer(815301076,1909f56bfc062723c751e8b465ee728b)  -> (artifact id: 'd0a0df49bcc50491fc533fc3f227800f') in 0.014065 seconds
  Import took 0.026360 seconds .

========================================================================
Received Prepare
Registering precompiled user dll's ...
Registered in 0.004079 seconds.
Begin MonoManager ReloadAssembly
Native extension for WindowsStandalone target not found
Refreshing native plugins compatible for Editor in 1.15 ms, found 0 plugins.
Preloading 0 native plugins for Editor in 0.00 ms.
Invoked RoslynAnalysisRunner static constructor.
RoslynAnalysisRunner will not be running.
RoslynAnalysisRunner has terminated.
Mono: successfully reloaded assembly
- Completed reload, in  2.767 seconds
Platform modules already initialized, skipping
Shader 'Universal Render Pipeline/Particles/Lit': fallback shader 'Universal Render Pipeline/Particles/SimpleLit' not found
Refreshing native plugins compatible for Editor in 1.16 ms, found 0 plugins.
Preloading 0 native plugins for Editor in 0.00 ms.
Unloading 2436 Unused Serialized files (Serialized files now loaded: 0)
System memory in use before: 203.9 MB.
System memory in use after: 203.9 MB.

Unloading 12 unused Assets to reduce memory usage. Loaded Objects now: 3072.
Total: 5.889900 ms (FindLiveObjects: 0.536000 ms CreateObjectMapping: 0.170800 ms MarkObjects: 4.678000 ms  DeleteObjects: 0.502400 ms)

========================================================================
Received Import Request.
  Time since last request: 106.280283 seconds.
  path: Assets/Scripts/Level Scripts/EyePlacement.cs
  artifactKey: Guid(64848ab236166ab4888c00b6a2585040) Importer(815301076,1909f56bfc062723c751e8b465ee728b)
Start importing Assets/Scripts/Level Scripts/EyePlacement.cs using Guid(64848ab236166ab4888c00b6a2585040) Importer(815301076,1909f56bfc062723c751e8b465ee728b)  -> (artifact id: '877a8a2cd284ff061ee3ffae13c73bb7') in 0.014545 seconds
  Import took 0.025402 seconds .

========================================================================
Received Prepare
Registering precompiled user dll's ...
Registered in 0.003331 seconds.
Begin MonoManager ReloadAssembly
Native extension for WindowsStandalone target not found
Refreshing native plugins compatible for Editor in 1.27 ms, found 0 plugins.
Preloading 0 native plugins for Editor in 0.00 ms.
Invoked RoslynAnalysisRunner static constructor.
RoslynAnalysisRunner will not be running.
RoslynAnalysisRunner has terminated.
Mono: successfully reloaded assembly
- Completed reload, in  2.796 seconds
Platform modules already initialized, skipping
Shader 'Universal Render Pipeline/Particles/Lit': fallback shader 'Universal Render Pipeline/Particles/SimpleLit' not found
Refreshing native plugins compatible for Editor in 1.17 ms, found 0 plugins.
Preloading 0 native plugins for Editor in 0.00 ms.
Unloading 2436 Unused Serialized files (Serialized files now loaded: 0)
System memory in use before: 204.0 MB.
System memory in use after: 204.0 MB.

Unloading 12 unused Assets to reduce memory usage. Loaded Objects now: 3075.
Total: 6.312900 ms (FindLiveObjects: 0.586900 ms CreateObjectMapping: 0.218000 ms MarkObjects: 4.819100 ms  DeleteObjects: 0.683500 ms)

========================================================================
Received Prepare
Registering precompiled user dll's ...
Registered in 0.003734 seconds.
Begin MonoManager ReloadAssembly
Native extension for WindowsStandalone target not found
Refreshing native plugins compatible for Editor in 1.16 ms, found 0 plugins.
Preloading 0 native plugins for Editor in 0.00 ms.
Invoked RoslynAnalysisRunner static constructor.
RoslynAnalysisRunner will not be running.
RoslynAnalysisRunner has terminated.
Mono: successfully reloaded assembly
- Completed reload, in  2.702 seconds
Platform modules already initialized, skipping
Shader 'Universal Render Pipeline/Particles/Lit': fallback shader 'Universal Render Pipeline/Particles/SimpleLit' not found
Refreshing native plugins compatible for Editor in 1.27 ms, found 0 plugins.
Preloading 0 native plugins for Editor in 0.00 ms.
Unloading 2436 Unused Serialized files (Serialized files now loaded: 0)
System memory in use before: 204.0 MB.
System memory in use after: 204.0 MB.

Unloading 12 unused Assets to reduce memory usage. Loaded Objects now: 3078.
Total: 6.765100 ms (FindLiveObjects: 0.869600 ms CreateObjectMapping: 0.556500 ms MarkObjects: 4.813400 ms  DeleteObjects: 0.522100 ms)

========================================================================
Received Prepare
Registering precompiled user dll's ...
Registered in 0.003835 seconds.
Begin MonoManager ReloadAssembly
Native extension for WindowsStandalone target not found
Refreshing native plugins compatible for Editor in 1.19 ms, found 0 plugins.
Preloading 0 native plugins for Editor in 0.00 ms.
Invoked RoslynAnalysisRunner static constructor.
RoslynAnalysisRunner will not be running.
RoslynAnalysisRunner has terminated.
Mono: successfully reloaded assembly
- Completed reload, in  2.733 seconds
Platform modules already initialized, skipping
Shader 'Universal Render Pipeline/Particles/Lit': fallback shader 'Universal Render Pipeline/Particles/SimpleLit' not found
Refreshing native plugins compatible for Editor in 1.25 ms, found 0 plugins.
Preloading 0 native plugins for Editor in 0.00 ms.
Unloading 2436 Unused Serialized files (Serialized files now loaded: 0)
System memory in use before: 204.0 MB.
System memory in use after: 204.0 MB.

Unloading 12 unused Assets to reduce memory usage. Loaded Objects now: 3081.
Total: 6.583800 ms (FindLiveObjects: 0.920900 ms CreateObjectMapping: 0.360700 ms MarkObjects: 4.791100 ms  DeleteObjects: 0.507900 ms)

========================================================================
Received Prepare
Registering precompiled user dll's ...
Registered in 0.004385 seconds.
Begin MonoManager ReloadAssembly
Native extension for WindowsStandalone target not found
Refreshing native plugins compatible for Editor in 1.19 ms, found 0 plugins.
Preloading 0 native plugins for Editor in 0.00 ms.
Invoked RoslynAnalysisRunner static constructor.
RoslynAnalysisRunner will not be running.
RoslynAnalysisRunner has terminated.
Mono: successfully reloaded assembly
- Completed reload, in  3.017 seconds
Platform modules already initialized, skipping
Shader 'Universal Render Pipeline/Particles/Lit': fallback shader 'Universal Render Pipeline/Particles/SimpleLit' not found
Refreshing native plugins compatible for Editor in 1.19 ms, found 0 plugins.
Preloading 0 native plugins for Editor in 0.00 ms.
Unloading 2436 Unused Serialized files (Serialized files now loaded: 0)
System memory in use before: 204.0 MB.
System memory in use after: 204.0 MB.

Unloading 12 unused Assets to reduce memory usage. Loaded Objects now: 3084.
Total: 6.262300 ms (FindLiveObjects: 0.800100 ms CreateObjectMapping: 0.248800 ms MarkObjects: 4.687400 ms  DeleteObjects: 0.522800 ms)

========================================================================
Received Prepare
Registering precompiled user dll's ...
Registered in 0.003939 seconds.
Begin MonoManager ReloadAssembly
Native extension for WindowsStandalone target not found
Refreshing native plugins compatible for Editor in 1.17 ms, found 0 plugins.
Preloading 0 native plugins for Editor in 0.00 ms.
Invoked RoslynAnalysisRunner static constructor.
RoslynAnalysisRunner will not be running.
RoslynAnalysisRunner has terminated.
Mono: successfully reloaded assembly
- Completed reload, in  2.868 seconds
Platform modules already initialized, skipping
Shader 'Universal Render Pipeline/Particles/Lit': fallback shader 'Universal Render Pipeline/Particles/SimpleLit' not found
Refreshing native plugins compatible for Editor in 1.82 ms, found 0 plugins.
Preloading 0 native plugins for Editor in 0.00 ms.
Unloading 2436 Unused Serialized files (Serialized files now loaded: 0)
System memory in use before: 203.9 MB.
System memory in use after: 203.9 MB.

Unloading 12 unused Assets to reduce memory usage. Loaded Objects now: 3087.
Total: 6.254000 ms (FindLiveObjects: 0.573900 ms CreateObjectMapping: 0.315900 ms MarkObjects: 4.851100 ms  DeleteObjects: 0.509900 ms)

========================================================================
Received Prepare
Registering precompiled user dll's ...
Registered in 0.006375 seconds.
Begin MonoManager ReloadAssembly
Native extension for WindowsStandalone target not found
Refreshing native plugins compatible for Editor in 1.20 ms, found 0 plugins.
Preloading 0 native plugins for Editor in 0.00 ms.
Invoked RoslynAnalysisRunner static constructor.
RoslynAnalysisRunner will not be running.
RoslynAnalysisRunner has terminated.
Mono: successfully reloaded assembly
- Completed reload, in  2.693 seconds
Platform modules already initialized, skipping
Shader 'Universal Render Pipeline/Particles/Lit': fallback shader 'Universal Render Pipeline/Particles/SimpleLit' not found
Refreshing native plugins compatible for Editor in 1.74 ms, found 0 plugins.
Preloading 0 native plugins for Editor in 0.00 ms.
Unloading 2436 Unused Serialized files (Serialized files now loaded: 0)
System memory in use before: 204.0 MB.
System memory in use after: 204.0 MB.

Unloading 12 unused Assets to reduce memory usage. Loaded Objects now: 3090.
Total: 6.317600 ms (FindLiveObjects: 0.545700 ms CreateObjectMapping: 0.176300 ms MarkObjects: 4.967300 ms  DeleteObjects: 0.625100 ms)

AssetImportWorkerClient::OnTransportError - code=2 error=End of file
